\BOOKMARK [0][-]{chapter.1}{Introduction}{}% 1
\BOOKMARK [1][-]{section.1.1}{Purpose}{chapter.1}% 2
\BOOKMARK [1][-]{section.1.2}{Document\040Conventions}{chapter.1}% 3
\BOOKMARK [1][-]{section.1.3}{Product\040Scope}{chapter.1}% 4
\BOOKMARK [1][-]{section.1.4}{References}{chapter.1}% 5
\BOOKMARK [0][-]{chapter.2}{Overall\040Description}{}% 6
\BOOKMARK [1][-]{section.2.1}{Product\040Perspective}{chapter.2}% 7
\BOOKMARK [1][-]{section.2.2}{Product\040Functions}{chapter.2}% 8
\BOOKMARK [1][-]{section.2.3}{User\040Classes\040and\040Characteristics}{chapter.2}% 9
\BOOKMARK [1][-]{section.2.4}{Operating\040Environment}{chapter.2}% 10
\BOOKMARK [1][-]{section.2.5}{Design\040and\040Implementation\040Constraints}{chapter.2}% 11
\BOOKMARK [1][-]{section.2.6}{User\040Documentation}{chapter.2}% 12
\BOOKMARK [1][-]{section.2.7}{Assumptions\040and\040Dependencies}{chapter.2}% 13
\BOOKMARK [0][-]{chapter.3}{Specific\040Requirements}{}% 14
\BOOKMARK [1][-]{section.3.1}{External\040Interface\040Requirements}{chapter.3}% 15
\BOOKMARK [2][-]{subsection.3.1.1}{User\040Interfaces}{section.3.1}% 16
\BOOKMARK [2][-]{subsection.3.1.2}{Hardware\040Interfaces}{section.3.1}% 17
\BOOKMARK [2][-]{subsection.3.1.3}{Software\040Interfaces}{section.3.1}% 18
\BOOKMARK [1][-]{section.3.2}{Functional\040Requirements}{chapter.3}% 19
\BOOKMARK [1][-]{section.3.3}{Other\040Nonfunctional\040Requirements}{chapter.3}% 20
\BOOKMARK [2][-]{subsection.3.3.1}{Performance\040Requirements}{section.3.3}% 21
\BOOKMARK [2][-]{subsection.3.3.2}{Safety\040Requirements}{section.3.3}% 22
\BOOKMARK [2][-]{subsection.3.3.3}{Security\040Requirements}{section.3.3}% 23
\BOOKMARK [1][-]{section.3.4}{Other\040Requirements}{chapter.3}% 24
\BOOKMARK [2][-]{subsection.3.4.1}{Legal\040Requirements}{section.3.4}% 25
\BOOKMARK [0][-]{section*.2}{Appendices}{}% 26
\BOOKMARK [0][-]{Appendix.a.A}{Glossary}{}% 27
\BOOKMARK [0][-]{Appendix.a.B}{Analysis\040Models}{}% 28
\BOOKMARK [0][-]{Appendix.a.C}{To\040Be\040Determined\040List}{}% 29
